<?xml version="1.0" encoding="UTF-8"?>
<!-- Generated by org.testng.reporters.JUnitXMLReporter -->
<testsuite ignored="0" hostname="LAPTOP-6251B6GC" failures="0" tests="4" name="Test" time="10.18" errors="0" timestamp="2024-05-05T18:00:02 IST">
  <testcase classname="org.flipkart.com.TestCase1" name="setUp" time="2.397"/>
  <testcase classname="org.flipkart.com.TestCase1" name="Login" time="2.01"/>
  <testcase classname="org.flipkart.com.TestCase1" name="SearchText" time="0.347"/>
  <testcase classname="org.flipkart.com.TestCase1" name="tearDown" time="5.386"/>
</testsuite> <!-- Test -->
