<?xml version="1.0" encoding="UTF-8"?>
<testng-results ignored="0" total="4" passed="4" failed="0" skipped="0">
  <reporter-output>
  </reporter-output>
  <suite started-at="2024-05-05T17:59:51 IST" name="Suite" finished-at="2024-05-05T18:00:02 IST" duration-ms="10180">
    <groups>
    </groups>
    <test started-at="2024-05-05T17:59:51 IST" name="Test" finished-at="2024-05-05T18:00:02 IST" duration-ms="10180">
      <class name="org.flipkart.com.TestCase1">
        <test-method signature="setUp()[pri:0, instance:org.flipkart.com.TestCase1@123ef382]" started-at="2024-05-05T17:59:51 IST" name="setUp" finished-at="2024-05-05T17:59:54 IST" duration-ms="2397" status="PASS">
          <reporter-output>
          </reporter-output>
        </test-method> <!-- setUp -->
        <test-method signature="Login()[pri:1, instance:org.flipkart.com.TestCase1@123ef382]" started-at="2024-05-05T17:59:54 IST" name="Login" finished-at="2024-05-05T17:59:56 IST" duration-ms="2010" status="PASS">
          <reporter-output>
          </reporter-output>
        </test-method> <!-- Login -->
        <test-method signature="SearchText()[pri:2, instance:org.flipkart.com.TestCase1@123ef382]" started-at="2024-05-05T17:59:56 IST" name="SearchText" finished-at="2024-05-05T17:59:56 IST" duration-ms="347" status="PASS">
          <reporter-output>
          </reporter-output>
        </test-method> <!-- SearchText -->
        <test-method signature="tearDown()[pri:3, instance:org.flipkart.com.TestCase1@123ef382]" started-at="2024-05-05T17:59:56 IST" name="tearDown" finished-at="2024-05-05T18:00:02 IST" duration-ms="5386" status="PASS">
          <reporter-output>
          </reporter-output>
        </test-method> <!-- tearDown -->
      </class> <!-- org.flipkart.com.TestCase1 -->
    </test> <!-- Test -->
  </suite> <!-- Suite -->
</testng-results>
